(node:1773104) [DEP0106] DeprecationWarning: crypto.createDecipher is deprecated.
Error: ENOENT: no such file or directory, unlink '/opt/source/backend/routes/combined.outerr.log'
    at Object.unlinkSync (fs.js:1136:3)
    at /opt/source/backend/routes/norc.js:75:8
    at FSReqCallback.oncomplete (fs.js:156:23) {
  errno: -2,
  syscall: 'unlink',
  code: 'ENOENT',
  path: '/opt/source/backend/routes/combined.outerr.log'
}
(node:1800335) [DEP0106] DeprecationWarning: crypto.createDecipher is deprecated.
Error: ENOENT: no such file or directory, unlink '/opt/source/backend/routes/combined.outerr.log'
    at Object.unlinkSync (fs.js:1136:3)
    at /opt/source/backend/routes/norc.js:75:8
    at FSReqCallback.oncomplete (fs.js:156:23) {
  errno: -2,
  syscall: 'unlink',
  code: 'ENOENT',
  path: '/opt/source/backend/routes/combined.outerr.log'
}
(node:1851017) [DEP0106] DeprecationWarning: crypto.createDecipher is deprecated.
Error: ENOENT: no such file or directory, unlink '/opt/source/backend/routes/combined.outerr.log'
    at Object.unlinkSync (fs.js:1136:3)
    at /opt/source/backend/routes/norc.js:75:8
    at FSReqCallback.oncomplete (fs.js:156:23) {
  errno: -2,
  syscall: 'unlink',
  code: 'ENOENT',
  path: '/opt/source/backend/routes/combined.outerr.log'
}
(node:1907957) [DEP0106] DeprecationWarning: crypto.createDecipher is deprecated.
Error: ENOENT: no such file or directory, unlink '/opt/source/backend/routes/combined.outerr.log'
    at Object.unlinkSync (fs.js:1136:3)
    at /opt/source/backend/routes/norc.js:75:8
    at FSReqCallback.oncomplete (fs.js:156:23) {
  errno: -2,
  syscall: 'unlink',
  code: 'ENOENT',
  path: '/opt/source/backend/routes/combined.outerr.log'
}
(node:1960289) [DEP0106] DeprecationWarning: crypto.createDecipher is deprecated.
Error: ENOENT: no such file or directory, unlink '/opt/source/backend/routes/combined.outerr.log'
    at Object.unlinkSync (fs.js:1136:3)
    at /opt/source/backend/routes/norc.js:75:8
    at FSReqCallback.oncomplete (fs.js:156:23) {
  errno: -2,
  syscall: 'unlink',
  code: 'ENOENT',
  path: '/opt/source/backend/routes/combined.outerr.log'
}
(node:2012767) [DEP0106] DeprecationWarning: crypto.createDecipher is deprecated.
Error: ENOENT: no such file or directory, unlink '/opt/source/backend/routes/combined.outerr.log'
    at Object.unlinkSync (fs.js:1136:3)
    at /opt/source/backend/routes/norc.js:75:8
    at FSReqCallback.oncomplete (fs.js:156:23) {
  errno: -2,
  syscall: 'unlink',
  code: 'ENOENT',
  path: '/opt/source/backend/routes/combined.outerr.log'
}
(node:2063494) [DEP0106] DeprecationWarning: crypto.createDecipher is deprecated.
Error: ENOENT: no such file or directory, unlink '/opt/source/backend/routes/combined.outerr.log'
    at Object.unlinkSync (fs.js:1136:3)
    at /opt/source/backend/routes/norc.js:75:8
    at FSReqCallback.oncomplete (fs.js:156:23) {
  errno: -2,
  syscall: 'unlink',
  code: 'ENOENT',
  path: '/opt/source/backend/routes/combined.outerr.log'
}
(node:2114317) [DEP0106] DeprecationWarning: crypto.createDecipher is deprecated.
